[Info  - 10:50:27 AM] Solidity by Nomic Foundation Starting ...
[Info  - 10:50:27 AM] env: production
[Info  - 10:50:27 AM] Client starting
[Info  - 10:50:28 AM] Language server starting
[Info  - 10:50:28 AM]   Release: hardhat-solidity@0.8.4
[Info  - 10:50:28 AM]   Environment: production
[Info  - 10:50:28 AM]   Telemetry Enabled: false
[Info  - 10:50:28 AM]   Telemetry Tracking Id: d04a7730b7...
[Info  - 10:50:28 AM]   Workspace Folders:
[Info  - 10:50:28 AM]     fox (file:///home/fox)
[Info  - 10:50:28 AM] Fetching feature flags
[Info  - 10:50:28 AM] Fetching latest solidity versions
[Info  - 10:50:28 AM] Language server ready
[Info  - 10:50:28 AM] [indexing] Found projects:
[Info  - 10:50:28 AM] [indexing] -  Type: Hardhat
[Info  - 10:50:28 AM] [indexing]    Base path: /home/fox/.vscode-server/extensions/nomicfoundation.hardhat-solidity-0.8.4/server/out
[Info  - 10:50:28 AM] [indexing]    Config file: /home/fox/.vscode-server/extensions/nomicfoundation.hardhat-solidity-0.8.4/server/out/hardhat.config.js
[Info  - 10:50:28 AM] [indexing] -  Type: Foundry
[Info  - 10:50:28 AM] [indexing]    Base path: /home/fox
[Info  - 10:50:28 AM] [indexing]    Config file: /home/fox/foundry.toml
[Info  - 10:50:28 AM] [indexing] -  Type: Foundry
[Info  - 10:50:28 AM] [indexing]    Base path: /home/fox/foundry-zksync/testdata
[Info  - 10:50:28 AM] [indexing]    Config file: /home/fox/foundry-zksync/testdata/foundry.toml
[Info  - 10:50:28 AM] [indexing] -  Type: Foundry
[Info  - 10:50:28 AM] [indexing]    Base path: /home/fox/foundry-zksync/zk-tests
[Info  - 10:50:28 AM] [indexing]    Config file: /home/fox/foundry-zksync/zk-tests/foundry.toml
[Info  - 10:50:28 AM] [indexing] Initializing /home/fox/.vscode-server/extensions/nomicfoundation.hardhat-solidity-0.8.4/server/out/hardhat.config.js
[Info  - 10:50:28 AM] [out] Error loading HRE: Error: Cannot find module 'hardhat'
Require stack:
- /home/fox/.vscode-server/extensions/nomicfoundation.hardhat-solidity-0.8.4/server/out/worker/WorkerProcess.js
[Info  - 10:50:28 AM] [out] Child process exited: 1
[Info  - 10:50:28 AM] [indexing] Done /home/fox/.vscode-server/extensions/nomicfoundation.hardhat-solidity-0.8.4/server/out/hardhat.config.js
[Info  - 10:50:28 AM] [indexing] Initializing /home/fox/foundry.toml
[Info  - 10:50:28 AM] [indexing] Done /home/fox/foundry.toml
[Info  - 10:50:28 AM] [indexing] Initializing /home/fox/foundry-zksync/testdata/foundry.toml
[Info  - 10:50:28 AM] [indexing] Done /home/fox/foundry-zksync/testdata/foundry.toml
[Info  - 10:50:28 AM] [indexing] Initializing /home/fox/foundry-zksync/zk-tests/foundry.toml
[Info  - 10:50:28 AM] [indexing] Done /home/fox/foundry-zksync/zk-tests/foundry.toml
[Info  - 10:50:28 AM] [indexing] Scanning workspace folders for sol files
[Info  - 10:50:28 AM] [indexing] Scan complete, 404 sol files found
[Info  - 10:50:28 AM] [indexing] Analyzing 205 solidity files
Downloading compiler 0.8.26
[Info  - 10:50:45 AM] Telemetry enabled
