2024-06-29 10:36:54.375 [info] Log level: Info
2024-06-29 10:36:54.375 [info] Validating found git in: "git"
2024-06-29 10:36:54.375 [info] Using git "2.34.1" from "git"
2024-06-29 10:36:54.375 [info] > git rev-parse --show-toplevel [2ms]
2024-06-29 10:36:54.375 [info] fatal: not a git repository (or any of the parent directories): .git
2024-06-29 10:36:54.375 [info] > git rev-parse --show-toplevel [7ms]
2024-06-29 10:36:54.375 [info] fatal: not a git repository (or any of the parent directories): .git
2024-06-29 10:36:54.375 [info] > git rev-parse --show-toplevel [1ms]
2024-06-29 10:36:54.375 [info] fatal: not a git repository (or any of the parent directories): .git
2024-06-29 10:36:54.378 [info] > git rev-parse --show-toplevel [1ms]
2024-06-29 10:36:54.378 [info] fatal: not a git repository (or any of the parent directories): .git
2024-06-29 10:36:54.381 [info] > git rev-parse --show-toplevel [0ms]
2024-06-29 10:36:54.381 [info] fatal: not a git repository (or any of the parent directories): .git
2024-06-29 10:36:54.385 [info] > git rev-parse --show-toplevel [2ms]
2024-06-29 10:36:54.387 [info] > git rev-parse --git-dir --git-common-dir [0ms]
2024-06-29 10:36:54.395 [info] Open repository: /home/fox/foundry-zksync
2024-06-29 10:36:54.405 [info] > git config --get commit.template [4ms]
2024-06-29 10:36:54.410 [info] > git for-each-ref --format=%(refname)%00%(upstream:short)%00%(objectname)%00%(upstream:track)%00%(upstream:remotename)%00%(upstream:remoteref) refs/heads/dev refs/remotes/dev [6ms]
2024-06-29 10:36:54.426 [warning] ENOENT: no such file or directory, open '/home/fox/foundry-zksync/.git/refs/remotes/origin/dev'
2024-06-29 10:36:54.436 [info] > git rev-parse refs/remotes/origin/dev [9ms]
2024-06-29 10:36:54.586 [info] > git status -z -uall [148ms]
2024-06-29 10:36:54.595 [info] > git merge-base refs/heads/dev refs/remotes/origin/dev [6ms]
2024-06-29 10:36:54.598 [info] > git config --get commit.template [4ms]
2024-06-29 10:36:54.601 [info] > git rev-list --count --left-right refs/heads/dev...refs/remotes/origin/dev [4ms]
2024-06-29 10:36:54.603 [info] > git for-each-ref --format=%(refname)%00%(upstream:short)%00%(objectname)%00%(upstream:track)%00%(upstream:remotename)%00%(upstream:remoteref) refs/heads/dev refs/remotes/dev [3ms]
2024-06-29 10:36:54.604 [info] > git diff --name-status -z --diff-filter=ADMR 6e1c2822c9076c89ac5c2b3db1b48f2f5886d7e3...refs/remotes/origin/dev [1ms]
2024-06-29 10:36:54.605 [warning] ENOENT: no such file or directory, open '/home/fox/foundry-zksync/.git/refs/remotes/origin/dev'
2024-06-29 10:36:54.606 [info] > git rev-parse refs/remotes/origin/dev [1ms]
2024-06-29 10:36:54.640 [info] > git status -z -uall [32ms]
2024-06-29 10:36:54.927 [info] > git check-ignore -v -z --stdin [1ms]
2024-06-29 10:36:55.144 [info] > git rev-parse --show-toplevel [1ms]
2024-06-29 10:36:55.147 [info] > git rev-parse --show-toplevel [0ms]
2024-06-29 10:36:55.149 [info] > git rev-parse --show-toplevel [1ms]
2024-06-29 10:36:55.151 [info] > git rev-parse --show-toplevel [0ms]
2024-06-29 10:37:35.572 [info] > git rev-parse --show-toplevel [0ms]
2024-06-29 10:37:35.575 [info] > git rev-parse --git-dir --git-common-dir [1ms]
2024-06-29 10:37:35.578 [info] Open repository: /home/fox
2024-06-29 10:37:35.582 [info] No remotes found in the git config file.
2024-06-29 10:37:35.583 [info] > git config --get commit.template [2ms]
2024-06-29 10:37:35.583 [info] > git for-each-ref --format=%(refname)%00%(upstream:short)%00%(objectname)%00%(upstream:track)%00%(upstream:remotename)%00%(upstream:remoteref) refs/heads/master refs/remotes/master [1ms]
2024-06-29 10:37:35.583 [warning] No such branch: master.
2024-06-29 10:37:35.592 [info] > git status -z -uall [7ms]
2024-06-29 10:37:35.613 [info] No remotes found in the git config file.
2024-06-29 10:37:35.613 [info] > git config --get commit.template [2ms]
2024-06-29 10:37:35.614 [info] > git for-each-ref --format=%(refname)%00%(upstream:short)%00%(objectname)%00%(upstream:track)%00%(upstream:remotename)%00%(upstream:remoteref) refs/heads/master refs/remotes/master [1ms]
2024-06-29 10:37:35.614 [warning] No such branch: master.
2024-06-29 10:37:35.622 [info] > git status -z -uall [7ms]
2024-06-29 10:37:36.094 [info] > git check-ignore -v -z --stdin [2ms]
2024-06-29 10:37:36.095 [info] > git check-ignore -v -z --stdin [2ms]
2024-06-29 10:37:42.844 [info] > git config --get commit.template [1ms]
2024-06-29 10:37:42.846 [info] No remotes found in the git config file.
2024-06-29 10:37:42.846 [info] > git for-each-ref --format=%(refname)%00%(upstream:short)%00%(objectname)%00%(upstream:track)%00%(upstream:remotename)%00%(upstream:remoteref) refs/heads/master refs/remotes/master [1ms]
2024-06-29 10:37:42.846 [warning] No such branch: master.
2024-06-29 10:37:43.032 [info] > git status -z -uall [185ms]
2024-06-29 10:37:48.048 [info] No remotes found in the git config file.
2024-06-29 10:37:48.048 [info] > git config --get commit.template [2ms]
2024-06-29 10:37:48.048 [info] > git for-each-ref --format=%(refname)%00%(upstream:short)%00%(objectname)%00%(upstream:track)%00%(upstream:remotename)%00%(upstream:remoteref) refs/heads/master refs/remotes/master [0ms]
2024-06-29 10:37:48.049 [warning] No such branch: master.
2024-06-29 10:37:48.089 [info] > git status -z -uall [39ms]
2024-06-29 10:37:53.105 [info] No remotes found in the git config file.
2024-06-29 10:37:53.106 [info] > git config --get commit.template [2ms]
2024-06-29 10:37:53.106 [info] > git for-each-ref --format=%(refname)%00%(upstream:short)%00%(objectname)%00%(upstream:track)%00%(upstream:remotename)%00%(upstream:remoteref) refs/heads/master refs/remotes/master [1ms]
2024-06-29 10:37:53.106 [warning] No such branch: master.
2024-06-29 10:37:53.146 [info] > git status -z -uall [39ms]
2024-06-29 10:37:58.162 [info] No remotes found in the git config file.
2024-06-29 10:37:58.162 [info] > git config --get commit.template [4ms]
2024-06-29 10:37:58.162 [info] > git for-each-ref --format=%(refname)%00%(upstream:short)%00%(objectname)%00%(upstream:track)%00%(upstream:remotename)%00%(upstream:remoteref) refs/heads/master refs/remotes/master [1ms]
2024-06-29 10:37:58.162 [warning] No such branch: master.
2024-06-29 10:37:58.202 [info] > git status -z -uall [38ms]
2024-06-29 10:38:03.216 [info] No remotes found in the git config file.
2024-06-29 10:38:03.217 [info] > git config --get commit.template [3ms]
2024-06-29 10:38:03.217 [info] > git for-each-ref --format=%(refname)%00%(upstream:short)%00%(objectname)%00%(upstream:track)%00%(upstream:remotename)%00%(upstream:remoteref) refs/heads/master refs/remotes/master [1ms]
2024-06-29 10:38:03.217 [warning] No such branch: master.
2024-06-29 10:38:03.256 [info] > git status -z -uall [37ms]
2024-06-29 10:38:08.270 [info] No remotes found in the git config file.
2024-06-29 10:38:08.270 [info] > git config --get commit.template [2ms]
2024-06-29 10:38:08.270 [info] > git for-each-ref --format=%(refname)%00%(upstream:short)%00%(objectname)%00%(upstream:track)%00%(upstream:remotename)%00%(upstream:remoteref) refs/heads/master refs/remotes/master [1ms]
2024-06-29 10:38:08.270 [warning] No such branch: master.
2024-06-29 10:38:08.310 [info] > git status -z -uall [38ms]
2024-06-29 10:38:13.325 [info] No remotes found in the git config file.
2024-06-29 10:38:13.327 [info] > git config --get commit.template [2ms]
2024-06-29 10:38:13.328 [info] > git for-each-ref --format=%(refname)%00%(upstream:short)%00%(objectname)%00%(upstream:track)%00%(upstream:remotename)%00%(upstream:remoteref) refs/heads/master refs/remotes/master [1ms]
2024-06-29 10:38:13.328 [warning] No such branch: master.
2024-06-29 10:38:13.369 [info] > git status -z -uall [39ms]
2024-06-29 10:38:18.381 [info] No remotes found in the git config file.
2024-06-29 10:38:18.381 [info] > git config --get commit.template [2ms]
2024-06-29 10:38:18.382 [info] > git for-each-ref --format=%(refname)%00%(upstream:short)%00%(objectname)%00%(upstream:track)%00%(upstream:remotename)%00%(upstream:remoteref) refs/heads/master refs/remotes/master [1ms]
2024-06-29 10:38:18.382 [warning] No such branch: master.
2024-06-29 10:38:18.423 [info] > git status -z -uall [38ms]
2024-06-29 10:38:23.436 [info] No remotes found in the git config file.
2024-06-29 10:38:23.436 [info] > git config --get commit.template [2ms]
2024-06-29 10:38:23.437 [info] > git for-each-ref --format=%(refname)%00%(upstream:short)%00%(objectname)%00%(upstream:track)%00%(upstream:remotename)%00%(upstream:remoteref) refs/heads/master refs/remotes/master [1ms]
2024-06-29 10:38:23.437 [warning] No such branch: master.
2024-06-29 10:38:23.476 [info] > git status -z -uall [38ms]
2024-06-29 10:38:28.491 [info] No remotes found in the git config file.
2024-06-29 10:38:28.497 [info] > git config --get commit.template [8ms]
2024-06-29 10:38:28.497 [info] > git for-each-ref --format=%(refname)%00%(upstream:short)%00%(objectname)%00%(upstream:track)%00%(upstream:remotename)%00%(upstream:remoteref) refs/heads/master refs/remotes/master [6ms]
2024-06-29 10:38:28.497 [warning] No such branch: master.
2024-06-29 10:38:28.743 [info] > git status -z -uall [245ms]
2024-06-29 10:38:33.755 [info] No remotes found in the git config file.
2024-06-29 10:38:33.756 [info] > git config --get commit.template [3ms]
2024-06-29 10:38:33.756 [info] > git for-each-ref --format=%(refname)%00%(upstream:short)%00%(objectname)%00%(upstream:track)%00%(upstream:remotename)%00%(upstream:remoteref) refs/heads/master refs/remotes/master [1ms]
2024-06-29 10:38:33.756 [warning] No such branch: master.
2024-06-29 10:38:33.796 [info] > git status -z -uall [39ms]
2024-06-29 10:38:38.808 [info] > git config --get commit.template [1ms]
2024-06-29 10:38:38.808 [info] No remotes found in the git config file.
2024-06-29 10:38:38.810 [info] > git for-each-ref --format=%(refname)%00%(upstream:short)%00%(objectname)%00%(upstream:track)%00%(upstream:remotename)%00%(upstream:remoteref) refs/heads/master refs/remotes/master [1ms]
2024-06-29 10:38:38.810 [warning] No such branch: master.
2024-06-29 10:38:38.850 [info] > git status -z -uall [39ms]
2024-06-29 10:38:43.862 [info] No remotes found in the git config file.
2024-06-29 10:38:43.862 [info] > git config --get commit.template [3ms]
2024-06-29 10:38:43.862 [info] > git for-each-ref --format=%(refname)%00%(upstream:short)%00%(objectname)%00%(upstream:track)%00%(upstream:remotename)%00%(upstream:remoteref) refs/heads/master refs/remotes/master [1ms]
2024-06-29 10:38:43.862 [warning] No such branch: master.
2024-06-29 10:38:43.902 [info] > git status -z -uall [38ms]
2024-06-29 10:38:48.915 [info] No remotes found in the git config file.
2024-06-29 10:38:48.915 [info] > git config --get commit.template [2ms]
2024-06-29 10:38:48.915 [info] > git for-each-ref --format=%(refname)%00%(upstream:short)%00%(objectname)%00%(upstream:track)%00%(upstream:remotename)%00%(upstream:remoteref) refs/heads/master refs/remotes/master [1ms]
2024-06-29 10:38:48.915 [warning] No such branch: master.
2024-06-29 10:38:48.955 [info] > git status -z -uall [39ms]
2024-06-29 10:38:53.966 [info] No remotes found in the git config file.
2024-06-29 10:38:53.967 [info] > git config --get commit.template [3ms]
2024-06-29 10:38:53.967 [info] > git for-each-ref --format=%(refname)%00%(upstream:short)%00%(objectname)%00%(upstream:track)%00%(upstream:remotename)%00%(upstream:remoteref) refs/heads/master refs/remotes/master [1ms]
2024-06-29 10:38:53.967 [warning] No such branch: master.
2024-06-29 10:38:54.007 [info] > git status -z -uall [38ms]
2024-06-29 10:38:59.021 [info] No remotes found in the git config file.
2024-06-29 10:38:59.021 [info] > git config --get commit.template [2ms]
2024-06-29 10:38:59.021 [info] > git for-each-ref --format=%(refname)%00%(upstream:short)%00%(objectname)%00%(upstream:track)%00%(upstream:remotename)%00%(upstream:remoteref) refs/heads/master refs/remotes/master [1ms]
2024-06-29 10:38:59.021 [warning] No such branch: master.
2024-06-29 10:38:59.061 [info] > git status -z -uall [38ms]
2024-06-29 10:39:04.074 [info] No remotes found in the git config file.
2024-06-29 10:39:04.075 [info] > git config --get commit.template [3ms]
2024-06-29 10:39:04.075 [info] > git for-each-ref --format=%(refname)%00%(upstream:short)%00%(objectname)%00%(upstream:track)%00%(upstream:remotename)%00%(upstream:remoteref) refs/heads/master refs/remotes/master [1ms]
2024-06-29 10:39:04.075 [warning] No such branch: master.
2024-06-29 10:39:04.116 [info] > git status -z -uall [40ms]
2024-06-29 10:39:09.130 [info] No remotes found in the git config file.
2024-06-29 10:39:09.130 [info] > git config --get commit.template [2ms]
2024-06-29 10:39:09.130 [info] > git for-each-ref --format=%(refname)%00%(upstream:short)%00%(objectname)%00%(upstream:track)%00%(upstream:remotename)%00%(upstream:remoteref) refs/heads/master refs/remotes/master [0ms]
2024-06-29 10:39:09.131 [warning] No such branch: master.
2024-06-29 10:39:09.170 [info] > git status -z -uall [38ms]
2024-06-29 10:39:14.181 [info] No remotes found in the git config file.
2024-06-29 10:39:14.181 [info] > git config --get commit.template [3ms]
2024-06-29 10:39:14.181 [info] > git for-each-ref --format=%(refname)%00%(upstream:short)%00%(objectname)%00%(upstream:track)%00%(upstream:remotename)%00%(upstream:remoteref) refs/heads/master refs/remotes/master [1ms]
2024-06-29 10:39:14.181 [warning] No such branch: master.
2024-06-29 10:39:14.221 [info] > git status -z -uall [39ms]
2024-06-29 10:39:19.238 [info] No remotes found in the git config file.
2024-06-29 10:39:19.238 [info] > git config --get commit.template [2ms]
2024-06-29 10:39:19.238 [info] > git for-each-ref --format=%(refname)%00%(upstream:short)%00%(objectname)%00%(upstream:track)%00%(upstream:remotename)%00%(upstream:remoteref) refs/heads/master refs/remotes/master [1ms]
2024-06-29 10:39:19.238 [warning] No such branch: master.
2024-06-29 10:39:19.278 [info] > git status -z -uall [39ms]
2024-06-29 10:39:24.289 [info] No remotes found in the git config file.
2024-06-29 10:39:24.289 [info] > git config --get commit.template [2ms]
2024-06-29 10:39:24.289 [info] > git for-each-ref --format=%(refname)%00%(upstream:short)%00%(objectname)%00%(upstream:track)%00%(upstream:remotename)%00%(upstream:remoteref) refs/heads/master refs/remotes/master [0ms]
2024-06-29 10:39:24.289 [warning] No such branch: master.
2024-06-29 10:39:24.329 [info] > git status -z -uall [39ms]
2024-06-29 10:39:29.342 [info] No remotes found in the git config file.
2024-06-29 10:39:29.343 [info] > git config --get commit.template [2ms]
2024-06-29 10:39:29.343 [info] > git for-each-ref --format=%(refname)%00%(upstream:short)%00%(objectname)%00%(upstream:track)%00%(upstream:remotename)%00%(upstream:remoteref) refs/heads/master refs/remotes/master [1ms]
2024-06-29 10:39:29.343 [warning] No such branch: master.
2024-06-29 10:39:29.383 [info] > git status -z -uall [39ms]
2024-06-29 10:39:34.395 [info] No remotes found in the git config file.
2024-06-29 10:39:34.396 [info] > git config --get commit.template [3ms]
2024-06-29 10:39:34.396 [info] > git for-each-ref --format=%(refname)%00%(upstream:short)%00%(objectname)%00%(upstream:track)%00%(upstream:remotename)%00%(upstream:remoteref) refs/heads/master refs/remotes/master [1ms]
2024-06-29 10:39:34.396 [warning] No such branch: master.
2024-06-29 10:39:34.436 [info] > git status -z -uall [39ms]
2024-06-29 10:39:39.448 [info] > git config --get commit.template [1ms]
2024-06-29 10:39:39.449 [info] No remotes found in the git config file.
2024-06-29 10:39:39.450 [info] > git for-each-ref --format=%(refname)%00%(upstream:short)%00%(objectname)%00%(upstream:track)%00%(upstream:remotename)%00%(upstream:remoteref) refs/heads/master refs/remotes/master [1ms]
2024-06-29 10:39:39.450 [warning] No such branch: master.
2024-06-29 10:39:39.490 [info] > git status -z -uall [39ms]
2024-06-29 10:39:44.502 [info] No remotes found in the git config file.
2024-06-29 10:39:44.503 [info] > git config --get commit.template [2ms]
2024-06-29 10:39:44.503 [info] > git for-each-ref --format=%(refname)%00%(upstream:short)%00%(objectname)%00%(upstream:track)%00%(upstream:remotename)%00%(upstream:remoteref) refs/heads/master refs/remotes/master [1ms]
2024-06-29 10:39:44.503 [warning] No such branch: master.
2024-06-29 10:39:44.543 [info] > git status -z -uall [39ms]
2024-06-29 10:39:49.555 [info] No remotes found in the git config file.
2024-06-29 10:39:49.556 [info] > git config --get commit.template [1ms]
2024-06-29 10:39:49.556 [info] > git for-each-ref --format=%(refname)%00%(upstream:short)%00%(objectname)%00%(upstream:track)%00%(upstream:remotename)%00%(upstream:remoteref) refs/heads/master refs/remotes/master [1ms]
2024-06-29 10:39:49.556 [warning] No such branch: master.
2024-06-29 10:39:49.595 [info] > git status -z -uall [38ms]
2024-06-29 10:39:54.606 [info] No remotes found in the git config file.
2024-06-29 10:39:54.606 [info] > git config --get commit.template [2ms]
2024-06-29 10:39:54.607 [info] > git for-each-ref --format=%(refname)%00%(upstream:short)%00%(objectname)%00%(upstream:track)%00%(upstream:remotename)%00%(upstream:remoteref) refs/heads/master refs/remotes/master [1ms]
2024-06-29 10:39:54.607 [warning] No such branch: master.
2024-06-29 10:39:54.648 [info] > git status -z -uall [40ms]
2024-06-29 10:39:59.665 [info] No remotes found in the git config file.
2024-06-29 10:39:59.665 [info] > git config --get commit.template [2ms]
2024-06-29 10:39:59.665 [info] > git for-each-ref --format=%(refname)%00%(upstream:short)%00%(objectname)%00%(upstream:track)%00%(upstream:remotename)%00%(upstream:remoteref) refs/heads/master refs/remotes/master [0ms]
2024-06-29 10:39:59.665 [warning] No such branch: master.
2024-06-29 10:39:59.705 [info] > git status -z -uall [38ms]
2024-06-29 10:40:04.718 [info] No remotes found in the git config file.
2024-06-29 10:40:04.718 [info] > git config --get commit.template [2ms]
2024-06-29 10:40:04.719 [info] > git for-each-ref --format=%(refname)%00%(upstream:short)%00%(objectname)%00%(upstream:track)%00%(upstream:remotename)%00%(upstream:remoteref) refs/heads/master refs/remotes/master [0ms]
2024-06-29 10:40:04.719 [warning] No such branch: master.
2024-06-29 10:40:04.759 [info] > git status -z -uall [39ms]
2024-06-29 10:40:09.771 [info] No remotes found in the git config file.
2024-06-29 10:40:09.772 [info] > git config --get commit.template [2ms]
2024-06-29 10:40:09.772 [info] > git for-each-ref --format=%(refname)%00%(upstream:short)%00%(objectname)%00%(upstream:track)%00%(upstream:remotename)%00%(upstream:remoteref) refs/heads/master refs/remotes/master [1ms]
2024-06-29 10:40:09.772 [warning] No such branch: master.
2024-06-29 10:40:09.813 [info] > git status -z -uall [40ms]
2024-06-29 10:40:14.824 [info] No remotes found in the git config file.
2024-06-29 10:40:14.824 [info] > git config --get commit.template [2ms]
2024-06-29 10:40:14.825 [info] > git for-each-ref --format=%(refname)%00%(upstream:short)%00%(objectname)%00%(upstream:track)%00%(upstream:remotename)%00%(upstream:remoteref) refs/heads/master refs/remotes/master [1ms]
2024-06-29 10:40:14.825 [warning] No such branch: master.
2024-06-29 10:40:14.864 [info] > git status -z -uall [38ms]
2024-06-29 10:40:19.876 [info] No remotes found in the git config file.
2024-06-29 10:40:19.877 [info] > git config --get commit.template [3ms]
2024-06-29 10:40:19.877 [info] > git for-each-ref --format=%(refname)%00%(upstream:short)%00%(objectname)%00%(upstream:track)%00%(upstream:remotename)%00%(upstream:remoteref) refs/heads/master refs/remotes/master [1ms]
2024-06-29 10:40:19.877 [warning] No such branch: master.
2024-06-29 10:40:19.917 [info] > git status -z -uall [38ms]
2024-06-29 10:40:24.929 [info] No remotes found in the git config file.
2024-06-29 10:40:24.929 [info] > git config --get commit.template [2ms]
2024-06-29 10:40:24.930 [info] > git for-each-ref --format=%(refname)%00%(upstream:short)%00%(objectname)%00%(upstream:track)%00%(upstream:remotename)%00%(upstream:remoteref) refs/heads/master refs/remotes/master [1ms]
2024-06-29 10:40:24.930 [warning] No such branch: master.
2024-06-29 10:40:24.969 [info] > git status -z -uall [38ms]
2024-06-29 10:40:29.984 [info] No remotes found in the git config file.
2024-06-29 10:40:29.984 [info] > git config --get commit.template [3ms]
2024-06-29 10:40:29.984 [info] > git for-each-ref --format=%(refname)%00%(upstream:short)%00%(objectname)%00%(upstream:track)%00%(upstream:remotename)%00%(upstream:remoteref) refs/heads/master refs/remotes/master [1ms]
2024-06-29 10:40:29.984 [warning] No such branch: master.
2024-06-29 10:40:30.026 [info] > git status -z -uall [40ms]
2024-06-29 10:40:35.038 [info] > git config --get commit.template [2ms]
2024-06-29 10:40:35.038 [info] No remotes found in the git config file.
2024-06-29 10:40:35.039 [info] > git for-each-ref --format=%(refname)%00%(upstream:short)%00%(objectname)%00%(upstream:track)%00%(upstream:remotename)%00%(upstream:remoteref) refs/heads/master refs/remotes/master [1ms]
2024-06-29 10:40:35.039 [warning] No such branch: master.
2024-06-29 10:40:35.078 [info] > git status -z -uall [38ms]
2024-06-29 10:40:40.091 [info] No remotes found in the git config file.
2024-06-29 10:40:40.092 [info] > git config --get commit.template [3ms]
2024-06-29 10:40:40.092 [info] > git for-each-ref --format=%(refname)%00%(upstream:short)%00%(objectname)%00%(upstream:track)%00%(upstream:remotename)%00%(upstream:remoteref) refs/heads/master refs/remotes/master [1ms]
2024-06-29 10:40:40.092 [warning] No such branch: master.
2024-06-29 10:40:40.132 [info] > git status -z -uall [38ms]
2024-06-29 10:40:45.146 [info] No remotes found in the git config file.
2024-06-29 10:40:45.146 [info] > git config --get commit.template [1ms]
2024-06-29 10:40:45.147 [info] > git for-each-ref --format=%(refname)%00%(upstream:short)%00%(objectname)%00%(upstream:track)%00%(upstream:remotename)%00%(upstream:remoteref) refs/heads/master refs/remotes/master [1ms]
2024-06-29 10:40:45.147 [warning] No such branch: master.
2024-06-29 10:40:45.188 [info] > git status -z -uall [40ms]
2024-06-29 10:40:50.200 [info] No remotes found in the git config file.
2024-06-29 10:40:50.201 [info] > git config --get commit.template [2ms]
2024-06-29 10:40:50.201 [info] > git for-each-ref --format=%(refname)%00%(upstream:short)%00%(objectname)%00%(upstream:track)%00%(upstream:remotename)%00%(upstream:remoteref) refs/heads/master refs/remotes/master [1ms]
2024-06-29 10:40:50.201 [warning] No such branch: master.
2024-06-29 10:40:50.240 [info] > git status -z -uall [38ms]
2024-06-29 10:40:55.253 [info] No remotes found in the git config file.
2024-06-29 10:40:55.253 [info] > git config --get commit.template [2ms]
2024-06-29 10:40:55.253 [info] > git for-each-ref --format=%(refname)%00%(upstream:short)%00%(objectname)%00%(upstream:track)%00%(upstream:remotename)%00%(upstream:remoteref) refs/heads/master refs/remotes/master [0ms]
2024-06-29 10:40:55.253 [warning] No such branch: master.
2024-06-29 10:40:55.293 [info] > git status -z -uall [38ms]
2024-06-29 10:41:00.307 [info] No remotes found in the git config file.
2024-06-29 10:41:00.307 [info] > git config --get commit.template [3ms]
2024-06-29 10:41:00.307 [info] > git for-each-ref --format=%(refname)%00%(upstream:short)%00%(objectname)%00%(upstream:track)%00%(upstream:remotename)%00%(upstream:remoteref) refs/heads/master refs/remotes/master [1ms]
2024-06-29 10:41:00.307 [warning] No such branch: master.
2024-06-29 10:41:00.349 [info] > git status -z -uall [40ms]
2024-06-29 10:41:05.362 [info] No remotes found in the git config file.
2024-06-29 10:41:05.363 [info] > git config --get commit.template [3ms]
2024-06-29 10:41:05.363 [info] > git for-each-ref --format=%(refname)%00%(upstream:short)%00%(objectname)%00%(upstream:track)%00%(upstream:remotename)%00%(upstream:remoteref) refs/heads/master refs/remotes/master [1ms]
2024-06-29 10:41:05.363 [warning] No such branch: master.
2024-06-29 10:41:05.402 [info] > git status -z -uall [38ms]
2024-06-29 10:41:10.414 [info] No remotes found in the git config file.
2024-06-29 10:41:10.414 [info] > git config --get commit.template [2ms]
2024-06-29 10:41:10.414 [info] > git for-each-ref --format=%(refname)%00%(upstream:short)%00%(objectname)%00%(upstream:track)%00%(upstream:remotename)%00%(upstream:remoteref) refs/heads/master refs/remotes/master [0ms]
2024-06-29 10:41:10.415 [warning] No such branch: master.
2024-06-29 10:41:10.454 [info] > git status -z -uall [38ms]
2024-06-29 10:41:15.464 [info] No remotes found in the git config file.
2024-06-29 10:41:15.464 [info] > git config --get commit.template [2ms]
2024-06-29 10:41:15.465 [info] > git for-each-ref --format=%(refname)%00%(upstream:short)%00%(objectname)%00%(upstream:track)%00%(upstream:remotename)%00%(upstream:remoteref) refs/heads/master refs/remotes/master [1ms]
2024-06-29 10:41:15.465 [warning] No such branch: master.
2024-06-29 10:41:15.504 [info] > git status -z -uall [38ms]
2024-06-29 10:41:20.517 [info] No remotes found in the git config file.
2024-06-29 10:41:20.518 [info] > git config --get commit.template [3ms]
2024-06-29 10:41:20.518 [info] > git for-each-ref --format=%(refname)%00%(upstream:short)%00%(objectname)%00%(upstream:track)%00%(upstream:remotename)%00%(upstream:remoteref) refs/heads/master refs/remotes/master [1ms]
2024-06-29 10:41:20.518 [warning] No such branch: master.
2024-06-29 10:41:20.559 [info] > git status -z -uall [39ms]
2024-06-29 10:41:25.573 [info] No remotes found in the git config file.
2024-06-29 10:41:25.573 [info] > git config --get commit.template [2ms]
2024-06-29 10:41:25.573 [info] > git for-each-ref --format=%(refname)%00%(upstream:short)%00%(objectname)%00%(upstream:track)%00%(upstream:remotename)%00%(upstream:remoteref) refs/heads/master refs/remotes/master [1ms]
2024-06-29 10:41:25.573 [warning] No such branch: master.
2024-06-29 10:41:25.613 [info] > git status -z -uall [39ms]
2024-06-29 10:41:30.625 [info] No remotes found in the git config file.
2024-06-29 10:41:30.625 [info] > git config --get commit.template [2ms]
2024-06-29 10:41:30.625 [info] > git for-each-ref --format=%(refname)%00%(upstream:short)%00%(objectname)%00%(upstream:track)%00%(upstream:remotename)%00%(upstream:remoteref) refs/heads/master refs/remotes/master [1ms]
2024-06-29 10:41:30.625 [warning] No such branch: master.
2024-06-29 10:41:30.665 [info] > git status -z -uall [39ms]
2024-06-29 10:41:35.677 [info] No remotes found in the git config file.
2024-06-29 10:41:35.678 [info] > git config --get commit.template [2ms]
2024-06-29 10:41:35.678 [info] > git for-each-ref --format=%(refname)%00%(upstream:short)%00%(objectname)%00%(upstream:track)%00%(upstream:remotename)%00%(upstream:remoteref) refs/heads/master refs/remotes/master [1ms]
2024-06-29 10:41:35.678 [warning] No such branch: master.
2024-06-29 10:41:35.718 [info] > git status -z -uall [39ms]
2024-06-29 10:41:40.731 [info] No remotes found in the git config file.
2024-06-29 10:41:40.731 [info] > git config --get commit.template [2ms]
2024-06-29 10:41:40.732 [info] > git for-each-ref --format=%(refname)%00%(upstream:short)%00%(objectname)%00%(upstream:track)%00%(upstream:remotename)%00%(upstream:remoteref) refs/heads/master refs/remotes/master [1ms]
2024-06-29 10:41:40.732 [warning] No such branch: master.
2024-06-29 10:41:40.771 [info] > git status -z -uall [38ms]
2024-06-29 10:41:45.783 [info] No remotes found in the git config file.
2024-06-29 10:41:45.784 [info] > git config --get commit.template [2ms]
2024-06-29 10:41:45.784 [info] > git for-each-ref --format=%(refname)%00%(upstream:short)%00%(objectname)%00%(upstream:track)%00%(upstream:remotename)%00%(upstream:remoteref) refs/heads/master refs/remotes/master [1ms]
2024-06-29 10:41:45.784 [warning] No such branch: master.
2024-06-29 10:41:45.824 [info] > git status -z -uall [39ms]
2024-06-29 10:41:50.835 [info] No remotes found in the git config file.
2024-06-29 10:41:50.835 [info] > git config --get commit.template [2ms]
2024-06-29 10:41:50.836 [info] > git for-each-ref --format=%(refname)%00%(upstream:short)%00%(objectname)%00%(upstream:track)%00%(upstream:remotename)%00%(upstream:remoteref) refs/heads/master refs/remotes/master [1ms]
2024-06-29 10:41:50.836 [warning] No such branch: master.
2024-06-29 10:41:50.876 [info] > git status -z -uall [39ms]
2024-06-29 10:41:55.893 [info] No remotes found in the git config file.
2024-06-29 10:41:55.894 [info] > git config --get commit.template [1ms]
2024-06-29 10:41:55.894 [info] > git for-each-ref --format=%(refname)%00%(upstream:short)%00%(objectname)%00%(upstream:track)%00%(upstream:remotename)%00%(upstream:remoteref) refs/heads/master refs/remotes/master [1ms]
2024-06-29 10:41:55.894 [warning] No such branch: master.
2024-06-29 10:41:55.933 [info] > git status -z -uall [37ms]
2024-06-29 10:42:16.516 [info] > git config --get commit.template [1ms]
2024-06-29 10:42:16.519 [info] No remotes found in the git config file.
2024-06-29 10:42:16.519 [info] > git for-each-ref --format=%(refname)%00%(upstream:short)%00%(objectname)%00%(upstream:track)%00%(upstream:remotename)%00%(upstream:remoteref) refs/heads/master refs/remotes/master [1ms]
2024-06-29 10:42:16.520 [warning] No such branch: master.
2024-06-29 10:42:16.563 [info] > git status -z -uall [41ms]
2024-06-29 10:42:19.224 [info] > git check-ignore -v -z --stdin [1ms]
2024-06-29 10:42:21.582 [info] > git config --get commit.template [2ms]
2024-06-29 10:42:21.583 [info] No remotes found in the git config file.
2024-06-29 10:42:21.583 [info] > git for-each-ref --format=%(refname)%00%(upstream:short)%00%(objectname)%00%(upstream:track)%00%(upstream:remotename)%00%(upstream:remoteref) refs/heads/master refs/remotes/master [1ms]
2024-06-29 10:42:21.583 [warning] No such branch: master.
2024-06-29 10:42:21.626 [info] > git status -z -uall [40ms]
2024-06-29 10:42:30.646 [info] No remotes found in the git config file.
2024-06-29 10:42:30.647 [info] > git config --get commit.template [4ms]
2024-06-29 10:42:30.647 [info] > git for-each-ref --format=%(refname)%00%(upstream:short)%00%(objectname)%00%(upstream:track)%00%(upstream:remotename)%00%(upstream:remoteref) refs/heads/master refs/remotes/master [1ms]
2024-06-29 10:42:30.647 [warning] No such branch: master.
2024-06-29 10:42:30.694 [info] > git status -z -uall [44ms]
2024-06-29 10:42:35.710 [info] No remotes found in the git config file.
2024-06-29 10:42:35.710 [info] > git config --get commit.template [3ms]
2024-06-29 10:42:35.710 [info] > git for-each-ref --format=%(refname)%00%(upstream:short)%00%(objectname)%00%(upstream:track)%00%(upstream:remotename)%00%(upstream:remoteref) refs/heads/master refs/remotes/master [1ms]
2024-06-29 10:42:35.710 [warning] No such branch: master.
2024-06-29 10:42:35.750 [info] > git status -z -uall [38ms]
2024-06-29 10:42:40.762 [info] No remotes found in the git config file.
2024-06-29 10:42:40.763 [info] > git config --get commit.template [3ms]
2024-06-29 10:42:40.763 [info] > git for-each-ref --format=%(refname)%00%(upstream:short)%00%(objectname)%00%(upstream:track)%00%(upstream:remotename)%00%(upstream:remoteref) refs/heads/master refs/remotes/master [1ms]
2024-06-29 10:42:40.763 [warning] No such branch: master.
2024-06-29 10:42:40.806 [info] > git status -z -uall [41ms]
2024-06-29 10:42:42.525 [info] > git config --get commit.template [3ms]
2024-06-29 10:42:42.527 [info] > git for-each-ref --format=%(refname)%00%(upstream:short)%00%(objectname)%00%(upstream:track)%00%(upstream:remotename)%00%(upstream:remoteref) refs/heads/dev refs/remotes/dev [1ms]
2024-06-29 10:42:42.529 [warning] ENOENT: no such file or directory, open '/home/fox/foundry-zksync/.git/refs/remotes/origin/dev'
2024-06-29 10:42:42.529 [info] > git rev-parse refs/remotes/origin/dev [0ms]
2024-06-29 10:42:42.535 [info] > git status -z -uall [4ms]
2024-06-29 10:42:42.542 [info] > git check-ignore -v -z --stdin [1ms]
2024-06-29 10:42:43.042 [info] > git rev-parse --show-toplevel [1ms]
2024-06-29 10:42:43.044 [info] > git rev-parse --show-toplevel [0ms]
2024-06-29 10:42:43.047 [info] > git rev-parse --show-toplevel [1ms]
2024-06-29 10:42:43.049 [info] > git rev-parse --show-toplevel [0ms]
2024-06-29 10:42:43.286 [info] > git check-ignore -v -z --stdin [1ms]
2024-06-29 10:42:45.824 [info] No remotes found in the git config file.
2024-06-29 10:42:45.824 [info] > git config --get commit.template [2ms]
2024-06-29 10:42:45.825 [info] > git for-each-ref --format=%(refname)%00%(upstream:short)%00%(objectname)%00%(upstream:track)%00%(upstream:remotename)%00%(upstream:remoteref) refs/heads/master refs/remotes/master [0ms]
2024-06-29 10:42:45.841 [info] > git status -z -uall [15ms]
2024-06-29 10:42:46.346 [info] > git rev-parse --show-toplevel [0ms]
2024-06-29 10:42:46.349 [info] > git rev-parse --git-dir --git-common-dir [0ms]
2024-06-29 10:42:46.352 [info] Open repository: /home/fox/lib/forge-std
2024-06-29 10:42:46.358 [info] > git config --get commit.template [3ms]
2024-06-29 10:42:46.358 [info] > git for-each-ref --format %(refname) %(objectname) %(*objectname) refs/tags [1ms]
2024-06-29 10:42:46.365 [info] > git status -z -uall [4ms]
2024-06-29 10:42:46.370 [info] > git config --get commit.template [2ms]
2024-06-29 10:42:46.371 [info] > git for-each-ref --format %(refname) %(objectname) %(*objectname) refs/tags [1ms]
2024-06-29 10:42:46.376 [info] > git status -z -uall [3ms]
2024-06-29 10:42:46.869 [info] > git check-ignore -v -z --stdin [2ms]
2024-06-29 10:42:46.869 [info] > git check-ignore -v -z --stdin [0ms]
2024-06-29 10:42:51.222 [info] > git config --get commit.template [2ms]
2024-06-29 10:42:51.222 [info] No remotes found in the git config file.
2024-06-29 10:42:51.223 [info] > git for-each-ref --format=%(refname)%00%(upstream:short)%00%(objectname)%00%(upstream:track)%00%(upstream:remotename)%00%(upstream:remoteref) refs/heads/master refs/remotes/master [0ms]
2024-06-29 10:42:51.238 [info] > git status -z -uall [14ms]
2024-06-29 10:42:52.168 [info] > git check-ignore -v -z --stdin [1ms]
2024-06-29 10:42:52.947 [info] > git ls-files --stage -- /home/fox/src/Counter.sol [1ms]
2024-06-29 10:42:52.949 [info] > git show --textconv :src/Counter.sol [5ms]
2024-06-29 10:42:52.949 [info] > git cat-file -s aded7997b0c359a8230744058a80043b99bf6857 [1ms]
2024-06-29 10:42:56.243 [info] No remotes found in the git config file.
2024-06-29 10:42:56.244 [info] > git config --get commit.template [2ms]
2024-06-29 10:42:56.244 [info] > git for-each-ref --format=%(refname)%00%(upstream:short)%00%(objectname)%00%(upstream:track)%00%(upstream:remotename)%00%(upstream:remoteref) refs/heads/master refs/remotes/master [1ms]
2024-06-29 10:42:56.261 [info] > git status -z -uall [15ms]
2024-06-29 10:45:58.734 [info] No remotes found in the git config file.
2024-06-29 10:45:58.734 [info] > git config --get commit.template [2ms]
2024-06-29 10:45:58.735 [info] > git for-each-ref --format=%(refname)%00%(upstream:short)%00%(objectname)%00%(upstream:track)%00%(upstream:remotename)%00%(upstream:remoteref) refs/heads/master refs/remotes/master [1ms]
2024-06-29 10:45:58.753 [info] > git status -z -uall [16ms]
2024-06-29 10:46:03.759 [info] No remotes found in the git config file.
2024-06-29 10:46:03.759 [info] > git config --get commit.template [3ms]
2024-06-29 10:46:03.759 [info] > git for-each-ref --format=%(refname)%00%(upstream:short)%00%(objectname)%00%(upstream:track)%00%(upstream:remotename)%00%(upstream:remoteref) refs/heads/master refs/remotes/master [0ms]
2024-06-29 10:46:03.776 [info] > git status -z -uall [15ms]
2024-06-29 10:46:12.302 [info] No remotes found in the git config file.
2024-06-29 10:46:12.302 [info] > git config --get commit.template [2ms]
2024-06-29 10:46:12.303 [info] > git for-each-ref --format=%(refname)%00%(upstream:short)%00%(objectname)%00%(upstream:track)%00%(upstream:remotename)%00%(upstream:remoteref) refs/heads/master refs/remotes/master [1ms]
2024-06-29 10:46:12.320 [info] > git status -z -uall [15ms]
2024-06-29 10:46:25.384 [info] No remotes found in the git config file.
2024-06-29 10:46:25.385 [info] > git config --get commit.template [3ms]
2024-06-29 10:46:25.386 [info] > git for-each-ref --format=%(refname)%00%(upstream:short)%00%(objectname)%00%(upstream:track)%00%(upstream:remotename)%00%(upstream:remoteref) refs/heads/master refs/remotes/master [2ms]
2024-06-29 10:46:25.404 [info] > git status -z -uall [16ms]
2024-06-29 10:46:30.408 [info] > git config --get commit.template [1ms]
2024-06-29 10:46:30.410 [info] No remotes found in the git config file.
2024-06-29 10:46:30.410 [info] > git for-each-ref --format=%(refname)%00%(upstream:short)%00%(objectname)%00%(upstream:track)%00%(upstream:remotename)%00%(upstream:remoteref) refs/heads/master refs/remotes/master [0ms]
2024-06-29 10:46:30.427 [info] > git status -z -uall [15ms]
2024-06-29 10:46:35.434 [info] No remotes found in the git config file.
2024-06-29 10:46:35.434 [info] > git config --get commit.template [2ms]
2024-06-29 10:46:35.434 [info] > git for-each-ref --format=%(refname)%00%(upstream:short)%00%(objectname)%00%(upstream:track)%00%(upstream:remotename)%00%(upstream:remoteref) refs/heads/master refs/remotes/master [1ms]
2024-06-29 10:46:35.451 [info] > git status -z -uall [16ms]
2024-06-29 10:46:38.023 [info] > git check-ignore -v -z --stdin [2ms]
2024-06-29 10:46:41.380 [info] > git config --get commit.template [2ms]
2024-06-29 10:46:41.382 [info] No remotes found in the git config file.
2024-06-29 10:46:41.383 [info] > git for-each-ref --format=%(refname)%00%(upstream:short)%00%(objectname)%00%(upstream:track)%00%(upstream:remotename)%00%(upstream:remoteref) refs/heads/master refs/remotes/master [1ms]
2024-06-29 10:46:41.399 [info] > git status -z -uall [15ms]
2024-06-29 10:46:46.405 [info] No remotes found in the git config file.
2024-06-29 10:46:46.406 [info] > git config --get commit.template [3ms]
2024-06-29 10:46:46.406 [info] > git for-each-ref --format=%(refname)%00%(upstream:short)%00%(objectname)%00%(upstream:track)%00%(upstream:remotename)%00%(upstream:remoteref) refs/heads/master refs/remotes/master [1ms]
2024-06-29 10:46:46.422 [info] > git status -z -uall [15ms]
2024-06-29 10:46:51.428 [info] No remotes found in the git config file.
2024-06-29 10:46:51.429 [info] > git config --get commit.template [2ms]
2024-06-29 10:46:51.429 [info] > git for-each-ref --format=%(refname)%00%(upstream:short)%00%(objectname)%00%(upstream:track)%00%(upstream:remotename)%00%(upstream:remoteref) refs/heads/master refs/remotes/master [1ms]
2024-06-29 10:46:51.446 [info] > git status -z -uall [15ms]
2024-06-29 10:46:56.451 [info] No remotes found in the git config file.
2024-06-29 10:46:56.451 [info] > git config --get commit.template [1ms]
2024-06-29 10:46:56.452 [info] > git for-each-ref --format=%(refname)%00%(upstream:short)%00%(objectname)%00%(upstream:track)%00%(upstream:remotename)%00%(upstream:remoteref) refs/heads/master refs/remotes/master [1ms]
2024-06-29 10:46:56.468 [info] > git status -z -uall [15ms]
2024-06-29 10:47:03.040 [info] No remotes found in the git config file.
2024-06-29 10:47:03.040 [info] > git config --get commit.template [3ms]
2024-06-29 10:47:03.041 [info] > git for-each-ref --format=%(refname)%00%(upstream:short)%00%(objectname)%00%(upstream:track)%00%(upstream:remotename)%00%(upstream:remoteref) refs/heads/master refs/remotes/master [1ms]
2024-06-29 10:47:03.059 [info] > git status -z -uall [16ms]
2024-06-29 10:47:08.065 [info] No remotes found in the git config file.
2024-06-29 10:47:08.065 [info] > git config --get commit.template [2ms]
2024-06-29 10:47:08.066 [info] > git for-each-ref --format=%(refname)%00%(upstream:short)%00%(objectname)%00%(upstream:track)%00%(upstream:remotename)%00%(upstream:remoteref) refs/heads/master refs/remotes/master [0ms]
2024-06-29 10:47:08.082 [info] > git status -z -uall [15ms]
2024-06-29 10:47:33.554 [info] No remotes found in the git config file.
2024-06-29 10:47:33.555 [info] > git config --get commit.template [3ms]
2024-06-29 10:47:33.555 [info] > git for-each-ref --format=%(refname)%00%(upstream:short)%00%(objectname)%00%(upstream:track)%00%(upstream:remotename)%00%(upstream:remoteref) refs/heads/master refs/remotes/master [1ms]
2024-06-29 10:47:33.573 [info] > git status -z -uall [16ms]
2024-06-29 10:47:38.579 [info] > git config --get commit.template [1ms]
2024-06-29 10:47:38.581 [info] No remotes found in the git config file.
2024-06-29 10:47:38.582 [info] > git for-each-ref --format=%(refname)%00%(upstream:short)%00%(objectname)%00%(upstream:track)%00%(upstream:remotename)%00%(upstream:remoteref) refs/heads/master refs/remotes/master [1ms]
2024-06-29 10:47:38.598 [info] > git status -z -uall [15ms]
2024-06-29 10:47:43.603 [info] No remotes found in the git config file.
2024-06-29 10:47:43.605 [info] > git config --get commit.template [2ms]
2024-06-29 10:47:43.606 [info] > git for-each-ref --format=%(refname)%00%(upstream:short)%00%(objectname)%00%(upstream:track)%00%(upstream:remotename)%00%(upstream:remoteref) refs/heads/master refs/remotes/master [1ms]
2024-06-29 10:47:43.622 [info] > git status -z -uall [15ms]
2024-06-29 10:47:50.244 [info] No remotes found in the git config file.
2024-06-29 10:47:50.244 [info] > git config --get commit.template [3ms]
2024-06-29 10:47:50.245 [info] > git for-each-ref --format=%(refname)%00%(upstream:short)%00%(objectname)%00%(upstream:track)%00%(upstream:remotename)%00%(upstream:remoteref) refs/heads/master refs/remotes/master [1ms]
2024-06-29 10:47:50.272 [info] > git status -z -uall [26ms]
2024-06-29 10:47:55.278 [info] No remotes found in the git config file.
2024-06-29 10:47:55.278 [info] > git config --get commit.template [2ms]
2024-06-29 10:47:55.279 [info] > git for-each-ref --format=%(refname)%00%(upstream:short)%00%(objectname)%00%(upstream:track)%00%(upstream:remotename)%00%(upstream:remoteref) refs/heads/master refs/remotes/master [1ms]
2024-06-29 10:47:55.295 [info] > git status -z -uall [15ms]
2024-06-29 10:48:05.540 [info] No remotes found in the git config file.
2024-06-29 10:48:05.540 [info] > git config --get commit.template [4ms]
2024-06-29 10:48:05.540 [info] > git for-each-ref --format=%(refname)%00%(upstream:short)%00%(objectname)%00%(upstream:track)%00%(upstream:remotename)%00%(upstream:remoteref) refs/heads/master refs/remotes/master [1ms]
2024-06-29 10:48:05.558 [info] > git status -z -uall [16ms]
2024-06-29 10:48:10.563 [info] > git config --get commit.template [1ms]
2024-06-29 10:48:10.565 [info] No remotes found in the git config file.
2024-06-29 10:48:10.566 [info] > git for-each-ref --format=%(refname)%00%(upstream:short)%00%(objectname)%00%(upstream:track)%00%(upstream:remotename)%00%(upstream:remoteref) refs/heads/master refs/remotes/master [1ms]
2024-06-29 10:48:10.582 [info] > git status -z -uall [15ms]
2024-06-29 10:48:22.847 [info] No remotes found in the git config file.
2024-06-29 10:48:22.848 [info] > git config --get commit.template [3ms]
2024-06-29 10:48:22.848 [info] > git for-each-ref --format=%(refname)%00%(upstream:short)%00%(objectname)%00%(upstream:track)%00%(upstream:remotename)%00%(upstream:remoteref) refs/heads/master refs/remotes/master [1ms]
2024-06-29 10:48:22.866 [info] > git status -z -uall [15ms]
2024-06-29 10:48:27.871 [info] No remotes found in the git config file.
2024-06-29 10:48:27.871 [info] > git config --get commit.template [2ms]
2024-06-29 10:48:27.872 [info] > git for-each-ref --format=%(refname)%00%(upstream:short)%00%(objectname)%00%(upstream:track)%00%(upstream:remotename)%00%(upstream:remoteref) refs/heads/master refs/remotes/master [1ms]
2024-06-29 10:48:27.888 [info] > git status -z -uall [15ms]
2024-06-29 10:48:32.896 [info] No remotes found in the git config file.
2024-06-29 10:48:32.896 [info] > git config --get commit.template [3ms]
2024-06-29 10:48:32.897 [info] > git for-each-ref --format=%(refname)%00%(upstream:short)%00%(objectname)%00%(upstream:track)%00%(upstream:remotename)%00%(upstream:remoteref) refs/heads/master refs/remotes/master [0ms]
2024-06-29 10:48:32.913 [info] > git status -z -uall [15ms]
2024-06-29 10:48:33.619 [info] > git show --textconv :src/Counter.sol [2ms]
2024-06-29 10:48:33.619 [info] > git ls-files --stage -- /home/fox/src/Counter.sol [1ms]
2024-06-29 10:48:33.622 [info] > git cat-file -s aded7997b0c359a8230744058a80043b99bf6857 [1ms]
2024-06-29 10:48:37.920 [info] No remotes found in the git config file.
2024-06-29 10:48:37.920 [info] > git config --get commit.template [2ms]
2024-06-29 10:48:37.921 [info] > git for-each-ref --format=%(refname)%00%(upstream:short)%00%(objectname)%00%(upstream:track)%00%(upstream:remotename)%00%(upstream:remoteref) refs/heads/master refs/remotes/master [1ms]
2024-06-29 10:48:37.940 [info] > git status -z -uall [18ms]
2024-06-29 10:48:42.947 [info] No remotes found in the git config file.
2024-06-29 10:48:42.947 [info] > git config --get commit.template [2ms]
2024-06-29 10:48:42.947 [info] > git for-each-ref --format=%(refname)%00%(upstream:short)%00%(objectname)%00%(upstream:track)%00%(upstream:remotename)%00%(upstream:remoteref) refs/heads/master refs/remotes/master [1ms]
2024-06-29 10:48:42.963 [info] > git status -z -uall [14ms]
2024-06-29 10:48:47.970 [info] No remotes found in the git config file.
2024-06-29 10:48:47.970 [info] > git config --get commit.template [2ms]
2024-06-29 10:48:47.970 [info] > git for-each-ref --format=%(refname)%00%(upstream:short)%00%(objectname)%00%(upstream:track)%00%(upstream:remotename)%00%(upstream:remoteref) refs/heads/master refs/remotes/master [1ms]
2024-06-29 10:48:47.987 [info] > git status -z -uall [15ms]
2024-06-29 10:48:52.995 [info] No remotes found in the git config file.
2024-06-29 10:48:52.996 [info] > git config --get commit.template [3ms]
2024-06-29 10:48:52.996 [info] > git for-each-ref --format=%(refname)%00%(upstream:short)%00%(objectname)%00%(upstream:track)%00%(upstream:remotename)%00%(upstream:remoteref) refs/heads/master refs/remotes/master [1ms]
2024-06-29 10:48:53.012 [info] > git status -z -uall [14ms]
2024-06-29 10:48:56.466 [info] > git show --textconv :src/Counter.sol [3ms]
2024-06-29 10:48:56.466 [info] > git ls-files --stage -- /home/fox/src/Counter.sol [1ms]
2024-06-29 10:48:56.469 [info] > git cat-file -s aded7997b0c359a8230744058a80043b99bf6857 [1ms]
2024-06-29 10:48:58.018 [info] No remotes found in the git config file.
2024-06-29 10:48:58.019 [info] > git config --get commit.template [3ms]
2024-06-29 10:48:58.019 [info] > git for-each-ref --format=%(refname)%00%(upstream:short)%00%(objectname)%00%(upstream:track)%00%(upstream:remotename)%00%(upstream:remoteref) refs/heads/master refs/remotes/master [1ms]
2024-06-29 10:48:58.036 [info] > git status -z -uall [15ms]
2024-06-29 10:49:03.043 [info] No remotes found in the git config file.
2024-06-29 10:49:03.044 [info] > git config --get commit.template [2ms]
2024-06-29 10:49:03.044 [info] > git for-each-ref --format=%(refname)%00%(upstream:short)%00%(objectname)%00%(upstream:track)%00%(upstream:remotename)%00%(upstream:remoteref) refs/heads/master refs/remotes/master [1ms]
2024-06-29 10:49:03.061 [info] > git status -z -uall [15ms]
2024-06-29 10:49:08.068 [info] No remotes found in the git config file.
2024-06-29 10:49:08.068 [info] > git config --get commit.template [3ms]
2024-06-29 10:49:08.069 [info] > git for-each-ref --format=%(refname)%00%(upstream:short)%00%(objectname)%00%(upstream:track)%00%(upstream:remotename)%00%(upstream:remoteref) refs/heads/master refs/remotes/master [1ms]
2024-06-29 10:49:08.086 [info] > git status -z -uall [15ms]
2024-06-29 10:49:11.578 [info] > git show --textconv :src/Counter.sol [3ms]
2024-06-29 10:49:11.578 [info] > git ls-files --stage -- /home/fox/src/Counter.sol [1ms]
2024-06-29 10:49:11.581 [info] > git cat-file -s aded7997b0c359a8230744058a80043b99bf6857 [1ms]
2024-06-29 10:49:13.093 [info] No remotes found in the git config file.
2024-06-29 10:49:13.094 [info] > git config --get commit.template [3ms]
2024-06-29 10:49:13.094 [info] > git for-each-ref --format=%(refname)%00%(upstream:short)%00%(objectname)%00%(upstream:track)%00%(upstream:remotename)%00%(upstream:remoteref) refs/heads/master refs/remotes/master [1ms]
2024-06-29 10:49:13.112 [info] > git status -z -uall [16ms]
2024-06-29 10:49:18.118 [info] > git config --get commit.template [3ms]
2024-06-29 10:49:18.118 [info] No remotes found in the git config file.
2024-06-29 10:49:18.118 [info] > git for-each-ref --format=%(refname)%00%(upstream:short)%00%(objectname)%00%(upstream:track)%00%(upstream:remotename)%00%(upstream:remoteref) refs/heads/master refs/remotes/master [0ms]
2024-06-29 10:49:18.134 [info] > git status -z -uall [14ms]
2024-06-29 10:49:23.140 [info] No remotes found in the git config file.
2024-06-29 10:49:23.141 [info] > git config --get commit.template [2ms]
2024-06-29 10:49:23.141 [info] > git for-each-ref --format=%(refname)%00%(upstream:short)%00%(objectname)%00%(upstream:track)%00%(upstream:remotename)%00%(upstream:remoteref) refs/heads/master refs/remotes/master [1ms]
2024-06-29 10:49:23.157 [info] > git status -z -uall [15ms]
2024-06-29 10:49:28.165 [info] No remotes found in the git config file.
2024-06-29 10:49:28.166 [info] > git config --get commit.template [3ms]
2024-06-29 10:49:28.166 [info] > git for-each-ref --format=%(refname)%00%(upstream:short)%00%(objectname)%00%(upstream:track)%00%(upstream:remotename)%00%(upstream:remoteref) refs/heads/master refs/remotes/master [1ms]
2024-06-29 10:49:28.183 [info] > git status -z -uall [15ms]
2024-06-29 10:49:33.190 [info] No remotes found in the git config file.
2024-06-29 10:49:33.190 [info] > git config --get commit.template [3ms]
2024-06-29 10:49:33.190 [info] > git for-each-ref --format=%(refname)%00%(upstream:short)%00%(objectname)%00%(upstream:track)%00%(upstream:remotename)%00%(upstream:remoteref) refs/heads/master refs/remotes/master [1ms]
2024-06-29 10:49:33.207 [info] > git status -z -uall [15ms]
2024-06-29 10:49:38.214 [info] No remotes found in the git config file.
2024-06-29 10:49:38.214 [info] > git config --get commit.template [2ms]
2024-06-29 10:49:38.214 [info] > git for-each-ref --format=%(refname)%00%(upstream:short)%00%(objectname)%00%(upstream:track)%00%(upstream:remotename)%00%(upstream:remoteref) refs/heads/master refs/remotes/master [0ms]
2024-06-29 10:49:38.231 [info] > git status -z -uall [15ms]
2024-06-29 10:49:43.237 [info] No remotes found in the git config file.
2024-06-29 10:49:43.238 [info] > git config --get commit.template [1ms]
2024-06-29 10:49:43.238 [info] > git for-each-ref --format=%(refname)%00%(upstream:short)%00%(objectname)%00%(upstream:track)%00%(upstream:remotename)%00%(upstream:remoteref) refs/heads/master refs/remotes/master [1ms]
2024-06-29 10:49:43.255 [info] > git status -z -uall [15ms]
2024-06-29 10:49:48.262 [info] No remotes found in the git config file.
2024-06-29 10:49:48.263 [info] > git config --get commit.template [3ms]
2024-06-29 10:49:48.263 [info] > git for-each-ref --format=%(refname)%00%(upstream:short)%00%(objectname)%00%(upstream:track)%00%(upstream:remotename)%00%(upstream:remoteref) refs/heads/master refs/remotes/master [1ms]
2024-06-29 10:49:48.279 [info] > git status -z -uall [15ms]
2024-06-29 10:49:53.285 [info] > git config --get commit.template [1ms]
2024-06-29 10:49:53.287 [info] No remotes found in the git config file.
2024-06-29 10:49:53.287 [info] > git for-each-ref --format=%(refname)%00%(upstream:short)%00%(objectname)%00%(upstream:track)%00%(upstream:remotename)%00%(upstream:remoteref) refs/heads/master refs/remotes/master [0ms]
2024-06-29 10:49:53.304 [info] > git status -z -uall [15ms]
2024-06-29 10:49:57.543 [info] > git check-ignore -v -z --stdin [1ms]
2024-06-29 10:49:58.311 [info] No remotes found in the git config file.
2024-06-29 10:49:58.312 [info] > git for-each-ref --format=%(refname)%00%(upstream:short)%00%(objectname)%00%(upstream:track)%00%(upstream:remotename)%00%(upstream:remoteref) refs/heads/master refs/remotes/master [1ms]
2024-06-29 10:49:58.312 [info] > git config --get commit.template [3ms]
2024-06-29 10:49:58.329 [info] > git status -z -uall [15ms]
2024-06-29 10:50:03.337 [info] No remotes found in the git config file.
2024-06-29 10:50:03.337 [info] > git config --get commit.template [3ms]
2024-06-29 10:50:03.337 [info] > git for-each-ref --format=%(refname)%00%(upstream:short)%00%(objectname)%00%(upstream:track)%00%(upstream:remotename)%00%(upstream:remoteref) refs/heads/master refs/remotes/master [1ms]
2024-06-29 10:50:03.355 [info] > git status -z -uall [16ms]
2024-06-29 10:50:08.362 [info] > git config --get commit.template [1ms]
2024-06-29 10:50:08.364 [info] No remotes found in the git config file.
2024-06-29 10:50:08.364 [info] > git for-each-ref --format=%(refname)%00%(upstream:short)%00%(objectname)%00%(upstream:track)%00%(upstream:remotename)%00%(upstream:remoteref) refs/heads/master refs/remotes/master [1ms]
2024-06-29 10:50:08.381 [info] > git status -z -uall [15ms]
2024-06-29 10:50:12.278 [info] > git show --textconv :src/Counter.sol [3ms]
2024-06-29 10:50:12.278 [info] > git ls-files --stage -- /home/fox/src/Counter.sol [1ms]
2024-06-29 10:50:12.281 [info] > git cat-file -s aded7997b0c359a8230744058a80043b99bf6857 [1ms]
2024-06-29 10:50:13.387 [info] > git config --get commit.template [1ms]
2024-06-29 10:50:13.389 [info] No remotes found in the git config file.
2024-06-29 10:50:13.389 [info] > git for-each-ref --format=%(refname)%00%(upstream:short)%00%(objectname)%00%(upstream:track)%00%(upstream:remotename)%00%(upstream:remoteref) refs/heads/master refs/remotes/master [0ms]
2024-06-29 10:50:13.406 [info] > git status -z -uall [15ms]
2024-06-29 10:50:18.413 [info] No remotes found in the git config file.
2024-06-29 10:50:18.414 [info] > git config --get commit.template [3ms]
2024-06-29 10:50:18.414 [info] > git for-each-ref --format=%(refname)%00%(upstream:short)%00%(objectname)%00%(upstream:track)%00%(upstream:remotename)%00%(upstream:remoteref) refs/heads/master refs/remotes/master [1ms]
2024-06-29 10:50:18.432 [info] > git status -z -uall [16ms]
2024-06-29 10:50:23.439 [info] No remotes found in the git config file.
2024-06-29 10:50:23.439 [info] > git config --get commit.template [3ms]
2024-06-29 10:50:23.440 [info] > git for-each-ref --format=%(refname)%00%(upstream:short)%00%(objectname)%00%(upstream:track)%00%(upstream:remotename)%00%(upstream:remoteref) refs/heads/master refs/remotes/master [1ms]
2024-06-29 10:50:23.456 [info] > git status -z -uall [15ms]
2024-06-29 10:50:29.878 [info] No remotes found in the git config file.
2024-06-29 10:50:29.880 [info] > git config --get commit.template [3ms]
2024-06-29 10:50:29.880 [info] > git for-each-ref --format=%(refname)%00%(upstream:short)%00%(objectname)%00%(upstream:track)%00%(upstream:remotename)%00%(upstream:remoteref) refs/heads/master refs/remotes/master [1ms]
2024-06-29 10:50:29.900 [info] > git status -z -uall [17ms]
2024-06-29 10:50:32.097 [info] > git check-ignore -v -z --stdin [1ms]
2024-06-29 10:50:33.570 [info] > git show --textconv :src/Counter.sol [2ms]
2024-06-29 10:50:33.571 [info] > git ls-files --stage -- /home/fox/src/Counter.sol [1ms]
2024-06-29 10:50:33.574 [info] > git cat-file -s aded7997b0c359a8230744058a80043b99bf6857 [1ms]
2024-06-29 10:50:34.066 [info] > git check-ignore -v -z --stdin [1ms]
2024-06-29 10:50:34.907 [info] No remotes found in the git config file.
2024-06-29 10:50:34.908 [info] > git config --get commit.template [3ms]
2024-06-29 10:50:34.908 [info] > git for-each-ref --format=%(refname)%00%(upstream:short)%00%(objectname)%00%(upstream:track)%00%(upstream:remotename)%00%(upstream:remoteref) refs/heads/master refs/remotes/master [1ms]
2024-06-29 10:50:34.927 [info] > git status -z -uall [17ms]
2024-06-29 10:50:39.934 [info] No remotes found in the git config file.
2024-06-29 10:50:39.934 [info] > git config --get commit.template [2ms]
2024-06-29 10:50:39.934 [info] > git for-each-ref --format=%(refname)%00%(upstream:short)%00%(objectname)%00%(upstream:track)%00%(upstream:remotename)%00%(upstream:remoteref) refs/heads/master refs/remotes/master [0ms]
2024-06-29 10:50:39.952 [info] > git status -z -uall [16ms]
2024-06-29 10:50:44.960 [info] No remotes found in the git config file.
2024-06-29 10:50:44.960 [info] > git config --get commit.template [2ms]
2024-06-29 10:50:44.961 [info] > git for-each-ref --format=%(refname)%00%(upstream:short)%00%(objectname)%00%(upstream:track)%00%(upstream:remotename)%00%(upstream:remoteref) refs/heads/master refs/remotes/master [1ms]
2024-06-29 10:50:44.978 [info] > git status -z -uall [16ms]
2024-06-29 10:50:49.985 [info] No remotes found in the git config file.
2024-06-29 10:50:49.985 [info] > git config --get commit.template [2ms]
2024-06-29 10:50:49.986 [info] > git for-each-ref --format=%(refname)%00%(upstream:short)%00%(objectname)%00%(upstream:track)%00%(upstream:remotename)%00%(upstream:remoteref) refs/heads/master refs/remotes/master [1ms]
2024-06-29 10:50:50.002 [info] > git status -z -uall [15ms]
2024-06-29 10:50:52.660 [info] > git show --textconv :src/Counter.sol [3ms]
2024-06-29 10:50:52.660 [info] > git ls-files --stage -- /home/fox/src/Counter.sol [1ms]
2024-06-29 10:50:52.663 [info] > git cat-file -s aded7997b0c359a8230744058a80043b99bf6857 [1ms]
2024-06-29 10:50:55.010 [info] No remotes found in the git config file.
2024-06-29 10:50:55.010 [info] > git config --get commit.template [2ms]
2024-06-29 10:50:55.011 [info] > git for-each-ref --format=%(refname)%00%(upstream:short)%00%(objectname)%00%(upstream:track)%00%(upstream:remotename)%00%(upstream:remoteref) refs/heads/master refs/remotes/master [1ms]
2024-06-29 10:50:55.028 [info] > git status -z -uall [16ms]
2024-06-29 10:51:00.034 [info] No remotes found in the git config file.
2024-06-29 10:51:00.036 [info] > git config --get commit.template [2ms]
2024-06-29 10:51:00.036 [info] > git for-each-ref --format=%(refname)%00%(upstream:short)%00%(objectname)%00%(upstream:track)%00%(upstream:remotename)%00%(upstream:remoteref) refs/heads/master refs/remotes/master [1ms]
2024-06-29 10:51:00.054 [info] > git status -z -uall [16ms]
2024-06-29 10:51:09.706 [info] > git config --get commit.template [1ms]
2024-06-29 10:51:09.709 [info] No remotes found in the git config file.
2024-06-29 10:51:09.709 [info] > git for-each-ref --format=%(refname)%00%(upstream:short)%00%(objectname)%00%(upstream:track)%00%(upstream:remotename)%00%(upstream:remoteref) refs/heads/master refs/remotes/master [0ms]
2024-06-29 10:51:09.728 [info] > git status -z -uall [17ms]
2024-06-29 10:51:14.736 [info] > git config --get commit.template [1ms]
2024-06-29 10:51:14.738 [info] No remotes found in the git config file.
2024-06-29 10:51:14.739 [info] > git for-each-ref --format=%(refname)%00%(upstream:short)%00%(objectname)%00%(upstream:track)%00%(upstream:remotename)%00%(upstream:remoteref) refs/heads/master refs/remotes/master [1ms]
2024-06-29 10:51:14.758 [info] > git status -z -uall [16ms]
2024-06-29 10:51:19.766 [info] No remotes found in the git config file.
2024-06-29 10:51:19.767 [info] > git config --get commit.template [2ms]
2024-06-29 10:51:19.767 [info] > git for-each-ref --format=%(refname)%00%(upstream:short)%00%(objectname)%00%(upstream:track)%00%(upstream:remotename)%00%(upstream:remoteref) refs/heads/master refs/remotes/master [1ms]
2024-06-29 10:51:19.784 [info] > git status -z -uall [15ms]
2024-06-29 10:51:26.481 [info] No remotes found in the git config file.
2024-06-29 10:51:26.481 [info] > git config --get commit.template [3ms]
2024-06-29 10:51:26.481 [info] > git for-each-ref --format=%(refname)%00%(upstream:short)%00%(objectname)%00%(upstream:track)%00%(upstream:remotename)%00%(upstream:remoteref) refs/heads/master refs/remotes/master [1ms]
2024-06-29 10:51:26.500 [info] > git status -z -uall [16ms]
